0.553133 47
0.097293 1
1.316496 1
0.059681 1
0.219978 1
0.780211 1
1.709728 1
0.085020 1
0.119975 1
0.145111 1
0.240020 1
0.100027 1
0.135278 1
0.164643 2
0.240210 31
0.295144 95
0.005934 27
0.151905 18
0.000004 2047
0.189702 2047
0.000074 308
0.001242 813
0.005245 7
0.000005 101
0.550927 731
0.024499 559
0.390368 76
0.119001 76
0.174634 78
0.180819 77
0.119043 77
0.114864 77
0.186125 30
0.140633 128
0.258801 2033
0.068175 1780
0.000370 1440
0.930969 354
0.003031 2030
0.000632 1777
0.000312 12
0.009204 2028
0.002685 2038
0.000306 1411
0.000195 1788
0.618799 7
0.006649 2033
0.000715 2005
0.000362 12
0.009360 2031
0.003076 2030
0.000361 1416
0.000282 1436
0.538677 354
0.009035 2030
0.000961 1771
0.000342 6
0.000088 12
0.008215 2029
0.003277 2030
0.000366 1385
0.000235 1777
0.072072 486
0.012230 2030
0.000911 1975
0.000409 12
0.008228 2034
0.003147 2047
0.000376 1561
0.000267 1753
0.114101 462
0.011440 2030
0.000949 1975
0.000378 12
0.007641 2046
0.003185 294
0.000009 6
0.000087 763
0.156285 414
0.009644 709
0.000580 12
0.008638 1311
0.003126 435
0.082969 414
0.011424 381
0.000506 12
0.008378 942
0.002912 394
0.237219 414
0.011247 334
0.000467 627
0.002645 414
0.010643 340
0.000424 12
0.008289 645
0.002688 138
0.184019 414
0.011962 84
0.000299 12
0.009360 389
0.002683 6
0.272482 474
0.017906 192
0.229492 134
1.238178 76
0.240956 76
0.105795 87
0.007596 304
0.078149 353
0.008847 81
0.000318 12
0.007295 6
0.000010 70
0.012248 76
0.069473 121
0.170844 29
0.123348 77
0.218539 77
0.159695 78
0.244305 77
0.038821 77
0.216319 77
0.081273 29
1.522108 77
0.216790 199
0.360058 77
0.920237 77
0.114938 77
0.121586 77
0.118480 78
0.048079 123
0.080108 77
0.299704 206
0.237078 78
0.277756 77
0.181922 89
0.009064 345
0.111177 354
0.008611 83
0.000394 12
0.007279 6
0.000010 72
0.008894 76
0.107157 77
0.607969 77
0.218366 77
0.096255 77
0.205069 77
0.059864 77
0.260514 78
0.094227 87
0.909204 86
0.156370 77
0.600478 78
0.094840 77
0.792921 206
0.221576 78
1.011192 77
0.157320 89
0.008886 375
0.227728 413
0.011013 83
0.000336 12
0.007146 387
0.003263 136
0.032567 413
0.012218 83
0.000453 12
0.008347 387
0.003724 136
0.120632 413
0.012083 83
0.000378 12
0.008149 387
0.003818 136
0.030479 413
0.012161 83
0.000415 12
0.008469 387
0.003978 6
0.296733 420
0.020073 117
0.211290 82
0.317299 77
0.342856 78
0.217116 89
0.008083 375
0.091794 413
0.012609 83
0.000533 12
0.008346 387
0.003860 136
0.269710 413
0.012160 83
0.000493 12
0.008447 387
0.003806 136
0.055129 413
0.012032 83
0.000471 12
0.006205 387
0.003650 136
0.197539 413
0.010452 83
0.000456 12
0.008490 387
0.004106 136
0.071508 413
0.011618 83
0.000482 12
0.007354 387
0.004129 6
0.277944 420
0.018173 113
0.251085 122
0.302860 85
0.258542 78
0.199950 117
0.523257 215
0.534826 78
0.380080 77
0.109442 77
0.126329 77
0.202375 77
0.096762 77
0.095228 125
0.108213 29
0.224982 77
0.437559 77
0.237168 78
0.182152 87
0.379653 86
0.162518 86
0.183150 77
0.157989 77
0.156454 78
0.174087 77
0.100513 86
0.727706 119
0.056966 29
0.126525 77
0.492801 86
0.364440 77
0.296812 77
0.378154 77
0.136858 77
0.239245 117
0.088951 80
0.135074 77
0.206323 118
3.086025 215
1.292742 133
1.593516 91
0.219799 193
0.244528 429
0.433869 77
0.265135 77
0.094377 112
0.007766 396
0.073501 413
0.012644 106
0.000342 12
0.007237 408
0.004265 136
0.055158 413
0.012444 83
0.000349 12
0.007423 387
0.004654 180
0.155140 414
0.014803 84
0.000202 12
0.006584 388
0.004199 6
0.190144 420
0.015723 78
1.011028 88
0.890236 78
0.651294 78
0.199851 79
0.080376 78
0.222327 78
0.091205 78
0.708697 30
0.198516 78
0.783566 78
0.392310 88
0.357028 88
0.166448 78
0.319528 78
0.080450 91
0.009986 377
0.186590 415
0.012427 85
0.000327 12
0.007451 390
0.004295 138
0.008825 415
0.008959 85
0.000266 12
0.009190 390
0.003727 138
0.043383 415
0.012539 85
0.000389 12
0.006354 390
0.004594 184
0.121448 416
0.012932 85
0.000391 12
0.008315 390
0.004413 6
0.144427 421
0.018093 78
0.611339 78
0.177629 91
0.008871 377
0.228543 415
0.013137 85
0.000388 12
0.008305 390
0.004528 138
0.033129 415
0.012518 79
0.000406 6
0.000012 12
0.006366 384
0.004710 6
0.000042 138
0.111327 415
0.012983 79
0.000442 6
0.000011 12
0.008312 384
0.004374 6
0.000104 138
0.073913 415
0.013153 85
0.000366 12
0.008406 390
0.004904 6
0.213726 421
0.018187 78
0.191832 202
0.302651 78
0.210609 78
0.119794 90
0.007732 375
0.132386 414
0.011947 84
0.000399 12
0.007261 388
0.005508 136
0.071227 414
0.015389 84
0.000405 12
0.008475 388
0.004544 136
0.010690 415
0.012069 84
0.000431 12
0.008336 388
0.004894 182
0.095394 414
0.013249 84
0.000340 12
0.008241 388
0.004057 6
0.473917 421
0.014790 208
0.333161 79
1.249411 78
0.146700 139
0.007759 465
0.033196 415
0.012131 133
0.000342 12
0.007196 462
0.004299 6
0.171294 445
0.015069 78
0.214701 78
0.319094 115
0.008829 330
0.087568 355
0.018603 109
0.000528 18
0.008553 98
0.014343 78
0.041425 78
0.239946 78
0.088407 79
0.253235 208
0.254540 79
0.702689 78
0.160774 91
0.007809 377
0.068362 415
0.010846 85
0.000321 12
0.008178 390
0.004537 138
0.217663 415
0.013148 85
0.000330 12
0.007157 390
0.004210 138
0.077937 500
0.013759 12
0.008302 390
0.005051 6
0.244830 422
0.017303 118
0.040538 83
0.308739 78
1.025514 78
0.575608 139
0.007979 425
0.023249 416
0.014109 133
0.000472 12
0.008319 438
0.004926 138
0.051780 415
0.012352 85
0.000425 12
0.007178 390
0.004528 138
0.221683 415
0.010870 85
0.000540 12
0.008272 390
0.004517 138
0.034977 415
0.013866 85
0.000646 12
0.005598 390
0.005284 6
0.249869 422
0.017935 114
0.488982 123
0.328163 86
1.175309 78
0.220266 118
0.220305 217
0.304109 79
0.235255 78
0.078525 115
0.008930 401
0.112505 524
0.014327 12
0.008324 414
0.005507 138
0.166585 415
0.013507 85
0.000415 12
0.006279 390
0.005209 138
0.049451 415
0.011745 85
0.000376 12
0.008320 390
0.004886 138
0.105056 415
0.012341 85
0.000393 12
0.007216 390
0.005031 186
0.099428 415
0.013750 85
0.000386 12
0.008209 390
0.004793 6
0.398096 421
0.018741 78
0.319068 78
0.105256 91
0.007778 377
0.054320 501
0.014015 12
0.006371 390
0.005701 180
0.114240 415
0.011748 85
0.000411 12
0.008305 390
0.005080 6
0.098934 421
0.016006 78
0.340918 78
0.261936 91
0.007892 377
0.148875 500
0.012428 12
0.008366 390
0.005478 6
0.188129 422
0.017497 118
0.009522 81
0.192972 78
0.270739 119
0.279493 218
0.278875 137
1.726756 94
0.803435 193
0.390739 136
0.496748 77
1.141651 77
0.097991 158
0.010979 438
0.098293 565
0.012492 12
0.008396 450
0.006040 136
0.062986 496
0.013673 12
0.006309 387
0.005996 180
0.174546 414
0.013741 84
0.000179 12
0.008226 388
0.004798 6
0.121993 420
0.016213 78
1.777749 78
0.019648 79
1.044758 78
0.088953 78
0.239069 78
0.122184 78
0.427341 30
0.398644 78
0.478767 78
0.095766 139
0.008046 425
0.152971 415
0.012318 133
0.000402 12
0.006340 438
0.005957 138
0.210869 415
0.013498 85
0.000288 12
0.008206 390
0.005171 138
0.077117 416
0.013624 85
0.000305 12
0.007244 390
0.005334 138
0.123628 415
0.013879 85
0.000315 12
0.008211 390
0.005404 186
0.077393 415
0.013938 85
0.000409 12
0.005334 390
0.006086 6
0.168695 421
0.016596 78
0.317086 78
0.123824 91
0.007721 377
0.205248 415
0.012834 85
0.000355 12
0.007238 390
0.005408 138
0.054064 415
0.013751 85
0.000358 12
0.006208 390
0.005422 138
0.012954 415
0.009727 85
0.000327 12
0.008114 390
0.004512 184
0.118677 415
0.013966 85
0.000488 12
0.007476 390
0.005465 6
0.122060 422
0.021518 78
0.312416 78
0.259751 91
0.008686 377
0.228184 415
0.010678 85
0.000398 12
0.008184 390
0.004839 138
0.036096 415
0.011994 85
0.000398 12
0.008312 390
0.005416 138
0.133764 415
0.013801 85
0.000402 12
0.007203 390
0.005349 138
0.048289 415
0.013827 85
0.000422 12
0.007290 390
0.005446 6
0.172339 421
0.019405 78
0.210418 202
0.298252 78
1.219816 78
0.093532 90
0.008768 375
0.135511 414
0.014177 84
0.000323 12
0.008945 388
0.006393 136
0.074936 414
0.012573 84
0.000314 12
0.008348 382
0.005483 130
0.004943 499
0.012591 12
0.006175 388
0.006321 182
0.103537 414
0.014133 84
0.000342 12
0.008262 388
0.005383 6
0.261119 421
0.016947 208
0.250810 79
0.218751 78
0.136948 139
0.007943 465
0.114454 415
0.011792 133
0.000458 12
0.008458 462
0.006183 6
0.067251 445
0.016951 78
0.229709 88
0.530116 78
0.232412 78
0.119534 78
0.738235 78
0.061348 78
0.055160 78
0.265166 79
0.165332 78
0.382671 209
0.231352 79
1.563070 78
0.536911 91
0.007756 377
0.190965 415
0.012540 85
0.000336 12
0.008240 390
0.005782 138
0.072384 415
0.013392 85
0.000312 12
0.006179 390
0.005692 138
0.174506 415
0.014232 85
0.000388 12
0.007218 390
0.005772 138
0.047449 415
0.012472 85
0.000370 12
0.008303 390
0.005891 6
0.213660 422
0.019517 118
0.048761 83
0.277357 78
0.602025 79
0.259871 91
0.008756 306
0.348466 440
0.007778 12
0.008152 6
0.000008 74
0.010445 78
0.276178 78
0.079367 78
0.258825 78
0.079755 88
0.320034 88
0.161524 88
0.162611 88
0.200484 88
0.132308 91
0.007837 377
1.134672 415
0.015191 85
0.000550 12
0.008350 390
0.006429 138
0.058951 415
0.013733 85
0.000417 12
0.007193 390
0.005782 138
0.023593 415
0.010434 85
0.000366 12
0.008052 390
0.004980 138
0.214825 415
0.012714 85
0.000387 12
0.007100 390
0.005403 138
0.055117 415
0.014726 85
0.000465 12
0.008326 390
0.006043 6
0.284273 422
0.020103 114
0.648625 123
0.242837 86
0.599469 79
0.200455 118
0.200766 218
0.278276 79
0.358008 78
0.081140 163
0.009021 449
0.583357 415
0.015039 157
0.000451 12
0.008329 462
0.006777 138
0.193533 415
0.014216 85
0.000320 12
0.008186 390
0.006039 138
0.071660 415
0.014544 85
0.000355 12
0.008199 390
0.006286 138
0.110305 415
0.012777 85
0.000363 12
0.008243 390
0.006239 186
0.067432 415
0.014855 85
0.000481 12
0.006344 390
0.006675 6
0.151863 421
0.017784 78
0.149446 78
0.059447 91
0.008649 377
0.050128 416
0.014481 85
0.000406 12
0.008239 390
0.006265 180
0.105534 415
0.015079 85
0.000412 12
0.008230 390
0.006256 6
0.068104 421
0.020619 78
0.308209 78
0.219959 91
0.007785 377
0.170401 415
0.014813 85
0.000532 12
0.006370 390
0.006843 6
0.164275 422
0.019188 118
0.011181 81
0.240804 78
0.159397 119
0.261645 218
0.255443 137
0.268541 94
0.274061 193
0.237828 136
0.159580 77
0.280550 77
0.158426 135
0.008688 457
0.112152 413
0.014332 129
0.000213 12
0.007276 452
0.006686 6
0.064352 440
0.022058 78
0.155861 78
0.109858 78
0.080400 78
0.162773 79
0.203987 118
0.049666 81
0.186595 78
0.197896 202
0.401659 78
0.657764 78
0.198818 90
0.008787 375
0.191239 414
0.015172 84
0.000327 12
0.006209 388
0.006435 136
0.031209 414
0.015300 84
0.000417 12
0.006436 388
0.007251 136
0.065589 415
0.014551 84
0.000357 12
0.008242 388
0.006434 136
0.075704 414
0.014688 84
0.000329 12
0.008163 388
0.006518 6
0.078210 420
0.017713 78
0.113630 78
0.250050 202
0.203236 78
0.469716 78
0.241306 307
0.222134 593
1.220558 415
0.017871 301
0.000380 12
0.008356 606
0.006619 138
0.160755 415
0.014207 85
0.000331 12
0.008320 390
0.006755 138
0.130661 416
0.017391 85
0.000307 12
0.007180 390
0.006415 6
0.161180 422
0.024875 118
0.005695 83
0.318312 202
0.214252 78
1.007474 78
0.216188 113
0.008799 398
0.087476 414
0.015127 107
0.000323 12
0.007273 434
0.006970 159
0.173959 414
0.014379 107
0.000302 12
0.007101 434
0.005615 159
0.053224 415
0.014060 107
0.000288 12
0.007147 434
0.005874 6
0.585331 443
0.021936 78
0.185358 78
0.845761 202
0.194325 78
0.701396 78
0.086727 627
0.220485 778
0.172509 415
0.013812 621
0.000450 12
0.008303 819
0.006980 174
0.169664 415
0.015416 121
0.000342 12
0.008306 462
0.006880 174
0.108686 416
0.013860 121
0.000357 12
0.008346 462
0.007120 6
0.182790 458
0.019562 118
0.050663 83
0.298082 202
0.219612 78
0.863988 78
0.396365 90
0.007591 375
0.212413 414
0.015638 84
0.000304 12
0.006240 388
0.007179 136
0.050208 414
0.016224 84
0.000476 12
0.005470 388
0.008098 136
0.211529 415
0.015912 84
0.000330 12
0.008261 388
0.007022 136
0.025116 414
0.013016 84
0.000267 12
0.007032 388
0.006132 6
0.547366 420
0.018748 78
0.229824 78
0.178087 115
0.008969 6
0.164399 156
0.018664 202
0.209191 78
0.358528 78
0.240317 136
0.008746 6
0.184565 163
0.018646 627
0.223712 693
0.947708 415
0.016565 621
0.000454 12
0.008301 734
0.006859 174
0.149971 416
0.016449 121
0.000422 12
0.006455 462
0.008256 174
0.144155 415
0.014189 121
0.000348 12
0.008387 462
0.007361 6
0.174092 458
0.005529 118
0.070963 83
0.299717 202
0.199487 134
0.242647 42
0.614480 6
0.324662 832
0.090370 12
0.002300 12
0.099328 13
0.052732 12
0.048093 1
0.047109 16
0.000348 24
0.003275 550
0.090408 13
0.001213 63
0.184972 13
0.329805 1
0.110239 14
0.053498 46
0.100267 47
0.014654 1
0.341529 1
0.439890 1
0.140071 1
0.339784 1
0.100173 1
0.299963 1
0.084991 1
0.314993 1
0.035231 1
0.144617 1
0.105274 1
0.194739 1
0.180128 1
0.054901 1
0.164918 2
0.240789 47
0.262178 1
1.477631 1
0.259528 1
0.220049 1
0.079647 1
0.080301 8
1.369883 1
0.765222 1
0.164804 1
0.200165 1
0.259903 1
1.000123 1
0.219860 1
0.220023 1
0.080214 1
0.099925 2
0.140763 177
0.123964 224
0.000007 2
0.000005 207
0.000061 75
0.000007 65
0.000004 29
0.002357 7
0.000702 6
0.001460 1
0.190597 1
0.079946 1
0.059988 1
0.180226 1
0.739975 1
0.160064 1
0.313673 1
0.166220 1
0.115150 1
0.164728 1
0.160081 1
0.159947 8
0.220222 1
0.299796 1
0.059965 1
0.070083 1
0.109947 1
0.160196 1
1.484848 1
1.920067 1
0.070009 1
0.024930 1
0.219826 1
0.159955 1
0.060225 1
0.179968 1
0.074841 1
0.164892 8
0.240563 1
2.800013 2
0.399855 210
0.001873 1
0.898169 2
0.439852 100
0.000639 1
4.534385 1
0.184856 1
0.700078 1
0.035016 2
0.305343 57
0.000651 1
0.699049 2
0.115063 75
0.000472 2
0.215193 38
0.000007 18
0.000425 6
0.000083 1
2.188666 1
0.200765 1
0.204238 1
0.089913 1
0.304931 1
1.080051 1
0.314996 1
0.205344 1
0.134485 1
0.245298 1
0.839863 1
0.220017 4
0.619981 4
0.134847 1
0.265373 101
0.339451 1
0.740608 1
0.159760 1
0.095128 1
0.100091 1
0.164793 1
0.259906 1
0.800250 1
0.260140 1
0.094913 1
0.364819 1
1.080181 4
1.199979 1
0.124780 99
0.715692 1
0.499573 1
0.134840 1
0.104864 1
0.105047 1
0.155234 1
6.760099 1
0.280047 1
0.319647 1
0.095084 1
1.105233 1
0.559820 1
0.279817 213
0.240748 1
7.199918 1
0.079509 1
0.179940 1
0.219856 1
0.080097 1
0.199929 1
0.479990 1
0.290381 1
1.329730 1
0.054925 1
0.085201 1
0.239821 1
0.200192 1
0.179774 1
0.220089 1
0.034843 1
0.245251 1
0.159915 1
0.239927 1
1.675416 1
0.094359 1
0.245370 1
0.265161 2
0.219987 1
0.219689 2
0.690229 1
0.689915 1
0.255081 1
0.499802 1
0.100021 1
0.125279 1
0.079722 1
0.420269 1
0.219975 1
0.074745 1
0.264947 1
0.200061 1
0.155154 1
0.059860 1
0.104982 1
0.254942 1
0.404925 1
0.060234 1
0.380184 1
6.520164 1
0.035230 1
0.144237 1
0.079806 1
0.160445 1
0.819939 1
0.059770 1
0.180123 1
0.079996 1
0.240044 1
0.160089 1
0.256259 1
0.178787 1
0.064718 1
0.070232 1
0.189704 1
1.820074 1
0.095176 1
0.204782 1
0.260155 1
0.080124 1
0.239793 1
0.095267 1
0.344616 1
0.215001 1
0.065126 1
0.239964 1
0.660335 1
0.275029 1
0.024636 1
0.180133 1
0.940381 1
0.099784 1
0.219997 1
0.199707 1
0.079927 1
1.260098 1
0.220196 22
1.599782 109
12.295750 1
0.694351 2
0.399691 47
0.017062 1
2.133429 1
0.169485 1
0.125361 1
0.139886 8
